<?xml version="1.0" encoding="UTF-8"?>
<testsuite name="Crear un nuevo usuario" tests="1" skipped="0" failures="0" errors="0" timestamp="2021-07-10T02:15:19" hostname="DESKTOP-AL8N0VC" time="5.111">
  <properties/>
  <testcase name="Envio el usuario exitosa" classname="Crear un nuevo usuario" time="5.111"/>
  <system-out><![CDATA[]]></system-out>
  <system-err><![CDATA[[Test worker] INFO net.thucydides.core.steps.ConsoleLoggingListener - 
        __    _____ _____ ____ _____   ____   _    ____  ____  _____ ____  
  _     \ \  |_   _| ____/ ___|_   _| |  _ \ / \  / ___|/ ___|| ____|  _ \ 
 (_)_____| |   | | |  _| \___ \ | |   | |_) / _ \ \___ \\___ \|  _| | | | |
  _|_____| |   | | | |___ ___) || |   |  __/ ___ \ ___) |___) | |___| |_| |
 (_)     | |   |_| |_____|____/ |_|   |_| /_/   \_\____/|____/|_____|____/ 
        /_/                                                                

TEST PASSED: Envio el usuario exitosa
----------------------------------------------------------------------------
]]></system-err>
</testsuite>
